<?xml version="1.0" encoding="UTF-8"?>
<!-- Generated by org.testng.reporters.JUnitReportReporter -->
<testsuite hostname="LAPTOP-J3K2CO61" failures="0" tests="5" name="lumaTestNG.Runner" time="48.620" errors="0" timestamp="2025-03-25T11:52:42 IST" skipped="0">
  <testcase classname="lumaTestNG.Runner" name="runnerRegistration" time="5.730"/>
  <system-out/>
  <testcase classname="lumaTestNG.Runner" name="runnerLogin" time="3.908"/>
  <system-out/>
  <testcase classname="lumaTestNG.Runner" name="runnerAddToCart" time="12.827"/>
  <system-out/>
  <testcase classname="lumaTestNG.Runner" name="runnerEditCart" time="16.318"/>
  <system-out/>
  <testcase classname="lumaTestNG.Runner" name="checkout" time="9.837"/>
  <system-out/>
</testsuite> <!-- lumaTestNG.Runner -->
