<?xml version="1.0" encoding="UTF-8"?>
<!-- Generated by org.testng.reporters.JUnitReportReporter -->
<testsuite hostname="LAPTOP-J3K2CO61" failures="0" tests="5" name="lumaTestNG.Runner" time="48.572" errors="0" timestamp="2025-03-26T12:18:00 IST" skipped="0">
  <testcase classname="lumaTestNG.Runner" name="runnerRegistration" time="5.358"/>
  <system-out/>
  <testcase classname="lumaTestNG.Runner" name="runnerLogin" time="3.254"/>
  <system-out/>
  <testcase classname="lumaTestNG.Runner" name="runnerAddToCart" time="13.859"/>
  <system-out/>
  <testcase classname="lumaTestNG.Runner" name="runnerEditCart" time="16.183"/>
  <system-out/>
  <testcase classname="lumaTestNG.Runner" name="checkout" time="9.918"/>
  <system-out/>
</testsuite> <!-- lumaTestNG.Runner -->
