<?xml version="1.0" encoding="UTF-8"?>
<!-- Generated by org.testng.reporters.JUnitReportReporter -->
<testsuite hostname="LAPTOP-J3K2CO61" failures="0" tests="3" name="lumaTestNG.Runner" time="21.295" errors="0" timestamp="2025-03-24T10:33:23 IST" skipped="0">
  <testcase classname="lumaTestNG.Runner" name="runnerRegistration" time="4.461"/>
  <system-out/>
  <testcase classname="lumaTestNG.Runner" name="runnerLogin" time="3.994"/>
  <system-out/>
  <testcase classname="lumaTestNG.Runner" name="runnerAddToCart" time="12.840"/>
  <system-out/>
</testsuite> <!-- lumaTestNG.Runner -->
