<?xml version="1.0" encoding="UTF-8"?>
<!-- Generated by org.testng.reporters.JUnitReportReporter -->
<testsuite hostname="LAPTOP-J3K2CO61" failures="0" tests="1" name="lumaStepDef.TestRunner" time="6.187" errors="0" timestamp="2025-03-25T17:05:47 IST" skipped="0">
  <testcase classname="lumaStepDef.TestRunner" name="runScenario" time="6.187"/>
  <system-out/>
</testsuite> <!-- lumaStepDef.TestRunner -->
