<?xml version="1.0" encoding="UTF-8"?>
<!-- Generated by org.testng.reporters.JUnitReportReporter -->
<testsuite hostname="LAPTOP-J3K2CO61" failures="0" tests="1" name="lumaTest.RegistrationTest" time="5.383" errors="0" timestamp="2025-03-24T11:16:15 IST" skipped="0">
  <testcase classname="lumaTest.RegistrationTest" name="testRegistration" time="5.383"/>
  <system-out/>
</testsuite> <!-- lumaTest.RegistrationTest -->
