<?xml version="1.0" encoding="UTF-8"?>
<!-- Generated by org.testng.reporters.JUnitReportReporter -->
<testsuite hostname="LAPTOP-J3K2CO61" failures="0" tests="2" name="testRunner.TestNGRunner" time="0.153" errors="2" timestamp="2025-03-22T16:23:43 IST" skipped="0">
  <testcase classname="testRunner.TestNGRunner" name="runScenario" time="0.144">
    <error message="Cannot invoke &quot;org.openqa.selenium.WebDriver.get(String)&quot; because &quot;this.driver&quot; is null" type="java.lang.NullPointerException">
      <![CDATA[java.lang.NullPointerException: Cannot invoke "org.openqa.selenium.WebDriver.get(String)" because "this.driver" is null
at lumaTest.RegistrationSteps.i_open_the_registration_page(RegistrationSteps.java:17)
at ✽.I open the registration page(file:///C:/Users/Dinesh/eclipse-workspace/LumaTestAutomation2/src/test/resources/BDDRegistration.feature:9)
]]>
    </error>
  </testcase> <!-- runScenario -->
  <system-out/>
  <testcase classname="testRunner.TestNGRunner" name="runScenario" time="0.009">
    <error message="Cannot invoke &quot;org.openqa.selenium.WebDriver.get(String)&quot; because &quot;this.driver&quot; is null" type="java.lang.NullPointerException">
      <![CDATA[java.lang.NullPointerException: Cannot invoke "org.openqa.selenium.WebDriver.get(String)" because "this.driver" is null
at lumaTest.RegistrationSteps.i_open_the_registration_page(RegistrationSteps.java:17)
at ✽.I open the registration page(file:///C:/Users/Dinesh/eclipse-workspace/LumaTestAutomation2/src/test/resources/BDDRegistration.feature:16)
]]>
    </error>
  </testcase> <!-- runScenario -->
  <system-out/>
</testsuite> <!-- testRunner.TestNGRunner -->
