<?xml version="1.0" encoding="UTF-8"?>
<!-- Generated by org.testng.reporters.JUnitReportReporter -->
<testsuite hostname="LAPTOP-J3K2CO61" failures="0" tests="1" name="lumaTest.LoginPageTest" time="4.454" errors="0" timestamp="2025-03-21T13:28:59 IST" skipped="0">
  <testcase classname="lumaTest.LoginPageTest" name="testLogin" time="4.454"/>
  <system-out/>
</testsuite> <!-- lumaTest.LoginPageTest -->
