<?xml version="1.0" encoding="UTF-8"?>
<!-- Generated by org.testng.reporters.JUnitReportReporter -->
<testsuite hostname="LAPTOP-J3K2CO61" failures="0" tests="3" name="lumaTestNG.Runner" time="15.471" errors="0" timestamp="2025-03-22T10:27:16 IST" skipped="0">
  <testcase classname="lumaTestNG.Runner" name="runnerRegistration" time="5.302"/>
  <system-out/>
  <testcase classname="lumaTestNG.Runner" name="runnerLogin" time="3.205"/>
  <system-out/>
  <testcase classname="lumaTestNG.Runner" name="runnerAddToCart" time="6.964"/>
  <system-out/>
</testsuite> <!-- lumaTestNG.Runner -->
