<?xml version="1.0" encoding="UTF-8"?>
<!-- Generated by org.testng.reporters.JUnitReportReporter -->
<testsuite hostname="LAPTOP-J3K2CO61" failures="0" tests="1" name="lumaTest.SearchAndAddToCartTest" time="7.967" errors="0" timestamp="2025-03-21T13:28:59 IST" skipped="0">
  <testcase classname="lumaTest.SearchAndAddToCartTest" name="testSearchAndAddToCart" time="7.967"/>
  <system-out/>
</testsuite> <!-- lumaTest.SearchAndAddToCartTest -->
